生成启动时间为 2019/6/21 12:54:50。
     1>项目“D:\项目文档\DuilibTest\duilib-master\duilib-master\duilib-master\DuiLib\DuiLib.vcxproj”在节点 2 上(Rebuild 个目标)。
     1>ClCompile:
         C:\Program Files (x86)\Microsoft Visual Studio 12.0\VC\bin\x86_amd64\CL.exe /c /Zi /nologo /W3 /WX- /Od /D WIN32 /D _DEBUG /D _WINDOWS /D UILIB_EXPORTS /D _VC80_UPGRADE=0x0600 /D _WINDLL /D _UNICODE /D UNICODE /Gm- /EHsc /RTC1 /MTd /GS /fp:precise /Zc:wchar_t /Zc:forScope /Yc"stdafx.h" /Fp".\Build\Debug/DuiLib.pch" /Fo"x64\Debug\\" /Fd"x64\Debug\vc120.pdb" /Gd /TP /errorReport:prompt StdAfx.cpp
         StdAfx.cpp
         C:\Program Files (x86)\Microsoft Visual Studio 12.0\VC\bin\x86_amd64\CL.exe /c /Zi /nologo /W3 /WX- /Od /D WIN32 /D _DEBUG /D _WINDOWS /D UILIB_EXPORTS /D _VC80_UPGRADE=0x0600 /D _WINDLL /D _UNICODE /D UNICODE /Gm- /EHsc /RTC1 /MTd /GS /fp:precise /Zc:wchar_t /Zc:forScope /Yu"stdafx.h" /Fp".\Build\Debug/DuiLib.pch" /Fo"x64\Debug\\" /Fd"x64\Debug\vc120.pdb" /Gd /TP /errorReport:prompt UIlib.cpp Utils\WinImplBase.cpp Utils\UIDelegate.cpp Utils\Utils.cpp Core\UIBase.cpp Core\UIContainer.cpp Core\UIControl.cpp Core\UIDlgBuilder.cpp Core\UIManager.cpp Core\UIMarkup.cpp Core\UIRender.cpp Layout\UIChildLayout.cpp Layout\UIHorizontalLayout.cpp Layout\UITabLayout.cpp Layout\UITileLayout.cpp Layout\UIVerticalLayout.cpp Control\UIActiveX.cpp Control\UIButton.cpp Control\UICheckBox.cpp Control\UICombo.cpp Control\UIComboBox.cpp Control\UIDateTime.cpp Control\UIEdit.cpp Control\UILabel.cpp Control\UIList.cpp Control\UIOption.cpp Control\UIProgress.cpp Control\UIRichEdit.cpp Control\UIScrollBar.cpp Control\UISlider.cpp Control\UIText.cpp Control\UITreeView.cpp Control\UIWebBrowser.cpp
         UIlib.cpp
         WinImplBase.cpp
         UIDelegate.cpp
         Utils.cpp
         UIBase.cpp
     1>Core\UIBase.cpp(295): warning C4244: “=”: 从“WPARAM”转换到“UINT”，可能丢失数据
     1>Core\UIBase.cpp(307): warning C4244: “参数”: 从“WPARAM”转换到“int”，可能丢失数据
         UIContainer.cpp
         UIControl.cpp
         UIDlgBuilder.cpp
         UIManager.cpp
         UIMarkup.cpp
     1>Core\UIMarkup.cpp(209): warning C4244: “=”: 从“__int64”转换到“ULONG”，可能丢失数据
     1>Core\UIMarkup.cpp(214): warning C4244: “=”: 从“__int64”转换到“ULONG”，可能丢失数据
     1>Core\UIMarkup.cpp(489): warning C4244: “初始化”: 从“__int64”转换到“ULONG”，可能丢失数据
     1>Core\UIMarkup.cpp(490): warning C4244: “=”: 从“__int64”转换到“ULONG”，可能丢失数据
     1>Core\UIMarkup.cpp(506): warning C4244: “=”: 从“__int64”转换到“ULONG”，可能丢失数据
     1>Core\UIMarkup.cpp(514): warning C4244: “=”: 从“__int64”转换到“ULONG”，可能丢失数据
         UIRender.cpp
     1>Core\UIRender.cpp(1947): warning C4267: “参数”: 从“size_t”转换到“int”，可能丢失数据
         UIChildLayout.cpp
         UIHorizontalLayout.cpp
         UITabLayout.cpp
         UITileLayout.cpp
         UIVerticalLayout.cpp
         UIActiveX.cpp
         UIButton.cpp
         UICheckBox.cpp
         UICombo.cpp
         正在生成代码...
         正在编译...
         UIComboBox.cpp
         UIDateTime.cpp
         UIEdit.cpp
         UILabel.cpp
         UIList.cpp
         UIOption.cpp
         UIProgress.cpp
         UIRichEdit.cpp
         UIScrollBar.cpp
         UISlider.cpp
         UIText.cpp
         UITreeView.cpp
         UIWebBrowser.cpp
         正在生成代码...
         C:\Program Files (x86)\Microsoft Visual Studio 12.0\VC\bin\x86_amd64\CL.exe /c /Zi /nologo /W3 /WX- /Od /D WIN32 /D _DEBUG /D _WINDOWS /D UILIB_EXPORTS /D _VC80_UPGRADE=0x0600 /D _WINDLL /D _UNICODE /D UNICODE /Gm- /EHsc /RTC1 /MTd /GS /fp:precise /Zc:wchar_t /Zc:forScope /Fo"x64\Debug\\" /Fd"x64\Debug\vc120.pdb" /Gd /TC /errorReport:prompt Utils\stb_image.c
         stb_image.c
     1>Utils\stb_image.c(764): warning C4244: “初始化”: 从“__int64”转换到“int”，可能丢失数据
     1>Utils\stb_image.c(777): warning C4244: “初始化”: 从“__int64”转换到“int”，可能丢失数据
         C:\Program Files (x86)\Microsoft Visual Studio 12.0\VC\bin\x86_amd64\CL.exe /c /Zi /nologo /W3 /WX- /Od /D WIN32 /D _DEBUG /D _WINDOWS /D UILIB_EXPORTS /D _VC80_UPGRADE=0x0600 /D _WINDLL /D _UNICODE /D UNICODE /Gm- /EHsc /RTC1 /MTd /GS /fp:precise /Zc:wchar_t /Zc:forScope /Fo"x64\Debug\\" /Fd"x64\Debug\vc120.pdb" /Gd /TP /errorReport:prompt Utils\XUnzip.cpp
         XUnzip.cpp
     1>Utils\XUnzip.cpp(3458): warning C4267: “初始化”: 从“size_t”转换到“int”，可能丢失数据
     1>C:\Program Files (x86)\MSBuild\Microsoft.Cpp\v4.0\V120\Microsoft.CppBuild.targets(1186,5): warning MSB8012: TargetPath(D:\项目文档\DuilibTest\duilib-master\duilib-master\duilib-master\x64\Debug\DuiLib.dll) does not match the Linker's OutputFile property value (D:\项目文档\DuilibTest\duilib-master\duilib-master\duilib-master\bin\DuiLib_d.dll). This may cause your project to build incorrectly. To correct this, please make sure that $(OutDir), $(TargetName) and $(TargetExt) property values match the value specified in %(Link.OutputFile).
     1>C:\Program Files (x86)\MSBuild\Microsoft.Cpp\v4.0\V120\Microsoft.CppBuild.targets(1188,5): warning MSB8012: TargetName(DuiLib) does not match the Linker's OutputFile property value (DuiLib_d). This may cause your project to build incorrectly. To correct this, please make sure that $(OutDir), $(TargetName) and $(TargetExt) property values match the value specified in %(Link.OutputFile).
       Link:
         C:\Program Files (x86)\Microsoft Visual Studio 12.0\VC\bin\x86_amd64\link.exe /ERRORREPORT:PROMPT /OUT:"../bin/DuiLib_d.dll" /INCREMENTAL:NO /NOLOGO /LIBPATH:.\lib kernel32.lib user32.lib gdi32.lib winspool.lib comdlg32.lib advapi32.lib shell32.lib ole32.lib oleaut32.lib uuid.lib odbc32.lib odbccp32.lib /MANIFEST:NO /DEBUG /PDB:"D:\项目文档\DuilibTest\duilib-master\duilib-master\duilib-master\x64\Debug\DuiLib.pdb" /TLBID:1 /BASE:"0x11000000" /DYNAMICBASE /NXCOMPAT /IMPLIB:"../lib/DuiLib_d.lib" /MACHINE:X64 /DLL x64\Debug\StdAfx.obj
         x64\Debug\UIlib.obj
         x64\Debug\WinImplBase.obj
         x64\Debug\stb_image.obj
         x64\Debug\UIDelegate.obj
         x64\Debug\Utils.obj
         x64\Debug\XUnzip.obj
         x64\Debug\UIBase.obj
         x64\Debug\UIContainer.obj
         x64\Debug\UIControl.obj
         x64\Debug\UIDlgBuilder.obj
         x64\Debug\UIManager.obj
         x64\Debug\UIMarkup.obj
         x64\Debug\UIRender.obj
         x64\Debug\UIChildLayout.obj
         x64\Debug\UIHorizontalLayout.obj
         x64\Debug\UITabLayout.obj
         x64\Debug\UITileLayout.obj
         x64\Debug\UIVerticalLayout.obj
         x64\Debug\UIActiveX.obj
         x64\Debug\UIButton.obj
         x64\Debug\UICheckBox.obj
         x64\Debug\UICombo.obj
         x64\Debug\UIComboBox.obj
         x64\Debug\UIDateTime.obj
         x64\Debug\UIEdit.obj
         x64\Debug\UILabel.obj
         x64\Debug\UIList.obj
         x64\Debug\UIOption.obj
         x64\Debug\UIProgress.obj
         x64\Debug\UIRichEdit.obj
         x64\Debug\UIScrollBar.obj
         x64\Debug\UISlider.obj
         x64\Debug\UIText.obj
         x64\Debug\UITreeView.obj
         x64\Debug\UIWebBrowser.obj
            正在创建库 ../lib/DuiLib_d.lib 和对象 ../lib/DuiLib_d.exp
         DuiLib.vcxproj -> D:\项目文档\DuilibTest\duilib-master\duilib-master\duilib-master\x64\Debug\DuiLib.dll
     1>已完成生成项目“D:\项目文档\DuilibTest\duilib-master\duilib-master\duilib-master\DuiLib\DuiLib.vcxproj”(Rebuild 个目标)的操作。

生成成功。

已用时间 00:00:05.65
